<?xml version="1.0" encoding="UTF-8" ?>
<testsuite errors="0" failures="0" hostname="yuy-tp" name="com.bizdata.campux.sdk.BubbleTest" tests="1" time="5.449" timestamp="2012-02-15T07:33:21">
  <properties>
    <property name="default.javac.source" value="1.6" />
    <property name="file.encoding.pkg" value="sun.io" />
    <property name="libs.toplink.maven-pom" value="" />
    <property name="javac.source" value="1.6" />
    <property name="netbeans.system_http_proxy" value="DIRECT" />
    <property name="java.home" value="C:\Program Files\Java\jdk1.6.0_18\jre" />
    <property name="libs.eclipselinkmodelgen.classpath" value="C:\usr\NetBeans 7.0.1\java\modules\ext\eclipselink\eclipselink-jpa-modelgen-2.2.0.jar" />
    <property name="test.src.dir" value="test" />
    <property name="libs.jaxws21.src" value="" />
    <property name="javadoc.version" value="false" />
    <property name="libs.CopyLibs.classpath" value="C:\usr\NetBeans 7.0.1\java\ant\extra\org-netbeans-modules-java-j2seproject-copylibstask.jar" />
    <property name="libs.javac-api.src" value="" />
    <property name="java.endorsed.dirs" value="C:\Program Files\Java\jdk1.6.0_18\jre\lib\endorsed" />
    <property name="libs.MySQLDriver.classpath" value="C:\usr\NetBeans 7.0.1\ide\modules\ext\mysql-connector-java-5.1.13-bin.jar" />
    <property name="libs.jaxb.javadoc" value="C:\usr\NetBeans 7.0.1\ide\docs\jaxb-api-doc.zip" />
    <property name="libs.junit.maven-pom" value="" />
    <property name="file.reference.httpmime-4.1.2.jar" value="../../../httpcomponents-client-4.1.2/lib/httpmime-4.1.2.jar" />
    <property name="libs.PostgreSQLDriver.src" value="" />
    <property name="src.dir" value="src" />
    <property name="sun.java2d.noddraw" value="true" />
    <property name="nbplatform.default.harness.dir" value="C:\usr\NetBeans 7.0.1/harness" />
    <property name="debug-args-line" value="-Xdebug" />
    <property name="netbeans.hash.code" value="unique=NB_JAVA0735f85c3-a7e6-4a5c-84f6-365541935eae_99d98812-4915-4eb8-9ff8-81fb23d8e166" />
    <property name="build.sysclasspath" value="ignore" />
    <property name="have.sources" value="true" />
    <property name="includes" value="**" />
    <property name="javac.fork" value="true" />
    <property name="source.encoding" value="UTF-8" />
    <property name="libs.jaxws21.classpath" value="C:\usr\NetBeans 7.0.1\ide\modules\ext\jaxb\jaxb-impl.jar;C:\usr\NetBeans 7.0.1\ide\modules\ext\jaxb\jaxb-xjc.jar;C:\usr\NetBeans 7.0.1\java\modules\ext\jaxws22\FastInfoset.jar;C:\usr\NetBeans 7.0.1\java\modules\ext\jaxws22\gmbal-api-only.jar;C:\usr\NetBeans 7.0.1\java\modules\ext\jaxws22\http.jar;C:\usr\NetBeans 7.0.1\java\modules\ext\jaxws22\jaxws-rt.jar;C:\usr\NetBeans 7.0.1\java\modules\ext\jaxws22\jaxws-tools.jar;C:\usr\NetBeans 7.0.1\java\modules\ext\jaxws22\management-api.jar;C:\usr\NetBeans 7.0.1\java\modules\ext\jaxws22\mimepull.jar;C:\usr\NetBeans 7.0.1\java\modules\ext\jaxws22\policy.jar;C:\usr\NetBeans 7.0.1\java\modules\ext\jaxws22\saaj-impl.jar;C:\usr\NetBeans 7.0.1\java\modules\ext\jaxws22\stax-ex.jar;C:\usr\NetBeans 7.0.1\java\modules\ext\jaxws22\streambuffer.jar;C:\usr\NetBeans 7.0.1\java\modules\ext\jaxws22\woodstox.jar;C:\usr\NetBeans 7.0.1\java\modules\ext\jaxws22\api\jaxws-api.jar;C:\usr\NetBeans 7.0.1\java\modules\ext\jaxws22\api\jsr181-api.jar;C:\usr\NetBeans 7.0.1\java\modules\ext\jaxws22\api\jsr250-api.jar;C:\usr\NetBeans 7.0.1\java\modules\ext\jaxws22\api\saaj-api.jar;C:\usr\NetBeans 7.0.1\ide\modules\ext\jaxb\activation.jar;C:\usr\NetBeans 7.0.1\ide\modules\ext\jaxb\api\jaxb-api.jar;C:\usr\NetBeans 7.0.1\ide\modules\ext\jaxb\api\jsr173_api.jar" />
    <property name="libs.swing-app-framework.javadoc" value="C:\usr\NetBeans 7.0.1\java\docs\appframework-1.0.3-doc.zip" />
    <property name="sun.os.patch.level" value="Service Pack 1" />
    <property name="java.vendor.url" value="http://java.sun.com/" />
    <property name="java.version" value="1.6.0_18" />
    <property name="nb.show.statistics.ui" value="usageStatisticsEnabled" />
    <property name="javac.debug" value="true" />
    <property name="org.openide.major.version" value="IDE/1" />
    <property name="run.classpath" value="../../../httpcomponents-client-4.1.2/lib/commons-codec-1.4.jar:../../../httpcomponents-client-4.1.2/lib/commons-logging-1.1.1.jar:../../../httpcomponents-client-4.1.2/lib/httpclient-4.1.2.jar:../../../httpcomponents-client-4.1.2/lib/httpclient-cache-4.1.2.jar:../../../httpcomponents-client-4.1.2/lib/httpcore-4.1.2.jar:../../../httpcomponents-client-4.1.2/lib/httpmime-4.1.2.jar:C:\Program Files\Java\jdk1.6.0_18\jre\lib\bcprov-jdk16-146.jar:build/classes" />
    <property name="libs.PostgreSQLDriver.maven-pom" value="" />
    <property name="java.vendor.url.bug" value="http://java.sun.com/cgi-bin/bugreport.cgi" />
    <property name="netbeans.autoupdate.variant" value="" />
    <property name="ant.file.SDK" value="C:\usr\Campux\campux\SDK\build.xml" />
    <property name="libs.eclipselink.javadoc" value="" />
    <property name="libs.absolutelayout.javadoc" value="" />
    <property name="libs.junit_4.maven-pom" value="" />
    <property name="netbeans.buildnumber" value="201107282000" />
    <property name="ant.project.invoked-targets" value="test-single" />
    <property name="annotation.processing.run.all.processors" value="true" />
    <property name="manifest.file" value="manifest.mf" />
    <property name="libs.swing-app-framework.maven-pom" value="" />
    <property name="user.name" value="yuy" />
    <property name="libs.eclipselinkmodelgen.src" value="" />
    <property name="empty.dir" value="C:\usr\Campux\campux\SDK\build\empty" />
    <property name="sun.io.unicode.encoding" value="UnicodeLittle" />
    <property name="sun.jnu.encoding" value="GBK" />
    <property name="java.runtime.name" value="Java(TM) SE Runtime Environment" />
    <property name="application.vendor" value="yuy" />
    <property name="jdk.home" value="C:\Program Files\Java\jdk1.6.0_18" />
    <property name="sun.awt.keepWorkingSetOnMinimize" value="true" />
    <property name="netbeans.autoupdate.version" value="1.23" />
    <property name="netbeans.dirs" value="C:\usr\NetBeans 7.0.1\nb;C:\usr\NetBeans 7.0.1\ergonomics;C:\usr\NetBeans 7.0.1\ide;C:\usr\NetBeans 7.0.1\java;C:\usr\NetBeans 7.0.1\xml;C:\usr\NetBeans 7.0.1\apisupport;C:\usr\NetBeans 7.0.1\webcommon;C:\usr\NetBeans 7.0.1\websvccommon;C:\usr\NetBeans 7.0.1\enterprise;C:\usr\NetBeans 7.0.1\mobility;C:\usr\NetBeans 7.0.1\profiler;C:\usr\NetBeans 7.0.1\ruby;C:\usr\NetBeans 7.0.1\python;C:\usr\NetBeans 7.0.1\php;C:\usr\NetBeans 7.0.1\visualweb;C:\usr\NetBeans 7.0.1\soa;C:\usr\NetBeans 7.0.1\identity;C:\usr\NetBeans 7.0.1\uml;C:\usr\NetBeans 7.0.1\harness;C:\usr\NetBeans 7.0.1\cnd;C:\usr\NetBeans 7.0.1\dlight;C:\usr\NetBeans 7.0.1\groovy;C:\usr\NetBeans 7.0.1\extra;C:\usr\NetBeans 7.0.1\javafx;C:\usr\NetBeans 7.0.1\javacard" />
    <property name="java.specification.name" value="Java Platform API Specification" />
    <property name="javadoc.author" value="false" />
    <property name="libs.hibernate-support.javadoc" value="" />
    <property name="ap.proc.none.internal" value="" />
    <property name="user.timezone" value="" />
    <property name="manifest.available" value="true" />
    <property name="libs.spring-framework.maven-pom" value="" />
    <property name="libs.swing-layout.maven-pom" value="" />
    <property name="libs.junit.javadoc" value="C:\usr\NetBeans 7.0.1\java\docs\junit-3.8.2-api.zip" />
    <property name="org.openide.specification.version" value="6.2" />
    <property name="path.separator" value=";" />
    <property name="version-output" value="java version &quot;1.6" />
    <property name="libs.ejb3-persistence.src" value="" />
    <property name="libs.absolutelayout.classpath" value="C:\usr\NetBeans 7.0.1\java\modules\ext\AbsoluteLayout.jar" />
    <property name="libs.jaxb.maven-pom" value="" />
    <property name="netbeans.accept_license_class" value="org.netbeans.license.AcceptLicense" />
    <property name="file.encoding" value="GBK" />
    <property name="libs.eclipselink.src" value="" />
    <property name="dist.javadoc.dir" value="dist/javadoc" />
    <property name="ant.project.default-target" value="default" />
    <property name="libs.hibernate-persistence.javadoc" value="" />
    <property name="libs.ejb3-persistence.classpath" value="C:\usr\NetBeans 7.0.1\java\modules\ext\hibernate\ejb3-persistence.jar" />
    <property name="built-jar.properties" value="C:\usr\Campux\campux\SDK\build\built-jar.properties" />
    <property name="libs.junit.src" value="" />
    <property name="ant.file.SDK-impl" value="C:\usr\Campux\campux\SDK\nbproject\build-impl.xml" />
    <property name="ant.junit.enabletestlistenerevents" value="true" />
    <property name="ant.file" value="C:\usr\Campux\campux\SDK\build.xml" />
    <property name="libs.junit_4.src" value="C:\usr\NetBeans 7.0.1\java\docs\junit-4.8.2-src.jar" />
    <property name="netbeans.autoupdate.language" value="zh" />
    <property name="do.jar" value="true" />
    <property name="java.io.tmpdir" value="C:\Users\yuy\AppData\Local\Temp\" />
    <property name="file.reference.httpclient-4.1.2.jar" value="../../../httpcomponents-client-4.1.2/lib/httpclient-4.1.2.jar" />
    <property name="build.test.results.dir" value="build/test/results" />
    <property name="user.language" value="zh" />
    <property name="libs.spring-framework300.src" value="" />
    <property name="line.separator" value="&#xd;&#xa;" />
    <property name="apple.laf.useScreenMenuBar" value="true" />
    <property name="libs.absolutelayout.src" value="" />
    <property name="javac.compilerargs" value="-Xlint:unchecked" />
    <property name="libs.hibernate-support.maven-pom" value="" />
    <property name="jar.compress" value="false" />
    <property name="debug-transport-by-os" value="dt_shmem" />
    <property name="libs.JWSAntTasks.src" value="" />
    <property name="libs.hibernate-persistence.maven-pom" value="" />
    <property name="java.vm.info" value="mixed mode, sharing" />
    <property name="libs.javac-api.maven-pom" value="" />
    <property name="javadoc.private" value="false" />
    <property name="annotation.processing.processors.list" value="" />
    <property name="sun.desktop" value="windows" />
    <property name="java.vm.specification.name" value="Java Virtual Machine Specification" />
    <property name="build.test.classes.dir" value="build/test/classes" />
    <property name="libs.jaxb.src" value="" />
    <property name="libs.MySQLDriver.javadoc" value="" />
    <property name="netbeans.dynamic.classpath" value="C:\usr\NetBeans 7.0.1\platform\core\core.jar;C:\usr\NetBeans 7.0.1\platform\core\org-openide-filesystems.jar;C:\usr\NetBeans 7.0.1\platform\core\locale\core_ja.jar;C:\usr\NetBeans 7.0.1\platform\core\locale\core_pt_BR.jar;C:\usr\NetBeans 7.0.1\platform\core\locale\core_ru.jar;C:\usr\NetBeans 7.0.1\platform\core\locale\core_zh_CN.jar;C:\usr\NetBeans 7.0.1\platform\core\locale\org-openide-filesystems_ja.jar;C:\usr\NetBeans 7.0.1\platform\core\locale\org-openide-filesystems_pt_BR.jar;C:\usr\NetBeans 7.0.1\platform\core\locale\org-openide-filesystems_ru.jar;C:\usr\NetBeans 7.0.1\platform\core\locale\org-openide-filesystems_zh_CN.jar;C:\usr\NetBeans 7.0.1\nb\core\org-netbeans-upgrader.jar;C:\usr\NetBeans 7.0.1\nb\core\locale\core_nb.jar;C:\usr\NetBeans 7.0.1\nb\core\locale\core_nb_ja.jar;C:\usr\NetBeans 7.0.1\nb\core\locale\core_nb_pt_BR.jar;C:\usr\NetBeans 7.0.1\nb\core\locale\core_nb_ru.jar;C:\usr\NetBeans 7.0.1\nb\core\locale\core_nb_zh_CN.jar;C:\usr\NetBeans 7.0.1\nb\core\locale\org-netbeans-upgrader_ja.jar;C:\usr\NetBeans 7.0.1\nb\core\locale\org-netbeans-upgrader_pt_BR.jar;C:\usr\NetBeans 7.0.1\nb\core\locale\org-netbeans-upgrader_ru.jar;C:\usr\NetBeans 7.0.1\nb\core\locale\org-netbeans-upgrader_zh_CN.jar" />
    <property name="guice.disable.misplaced.annotation.check" value="true" />
    <property name="libs.beans-binding.javadoc" value="C:\usr\NetBeans 7.0.1\java\docs\beansbinding-1.2.1-doc.zip" />
    <property name="platform.active" value="default_platform" />
    <property name="ap.cmd.line.internal" value="" />
    <property name="javac.includes.binary" value="C:\usr\Campux\campux\SDK\build\test\classes\com\bizdata\campux\sdk\BubbleTest.class" />
    <property name="jdkBug6558476" value="true" />
    <property name="libs.spring-framework300.classpath" value="C:\usr\NetBeans 7.0.1\ide\modules\ext\commons-logging-1.1.jar;C:\usr\NetBeans 7.0.1\java\modules\ext\cglib-2.2.jar;C:\usr\NetBeans 7.0.1\java\modules\ext\spring-3.0\spring-aop-3.0.2.RELEASE.jar;C:\usr\NetBeans 7.0.1\java\modules\ext\spring-3.0\spring-asm-3.0.2.RELEASE.jar;C:\usr\NetBeans 7.0.1\java\modules\ext\spring-3.0\spring-aspects-3.0.2.RELEASE.jar;C:\usr\NetBeans 7.0.1\java\modules\ext\spring-3.0\spring-beans-3.0.2.RELEASE.jar;C:\usr\NetBeans 7.0.1\java\modules\ext\spring-3.0\spring-context-3.0.2.RELEASE.jar;C:\usr\NetBeans 7.0.1\java\modules\ext\spring-3.0\spring-context-support-3.0.2.RELEASE.jar;C:\usr\NetBeans 7.0.1\java\modules\ext\spring-3.0\spring-core-3.0.2.RELEASE.jar;C:\usr\NetBeans 7.0.1\java\modules\ext\spring-3.0\spring-expression-3.0.2.RELEASE.jar;C:\usr\NetBeans 7.0.1\java\modules\ext\spring-3.0\spring-instrument-3.0.2.RELEASE.jar;C:\usr\NetBeans 7.0.1\java\modules\ext\spring-3.0\spring-instrument-tomcat-3.0.2.RELEASE.jar;C:\usr\NetBeans 7.0.1\java\modules\ext\spring-3.0\spring-jdbc-3.0.2.RELEASE.jar;C:\usr\NetBeans 7.0.1\java\modules\ext\spring-3.0\spring-jms-3.0.2.RELEASE.jar;C:\usr\NetBeans 7.0.1\java\modules\ext\spring-3.0\spring-orm-3.0.2.RELEASE.jar;C:\usr\NetBeans 7.0.1\java\modules\ext\spring-3.0\spring-oxm-3.0.2.RELEASE.jar;C:\usr\NetBeans 7.0.1\java\modules\ext\spring-3.0\spring-test-3.0.2.RELEASE.jar;C:\usr\NetBeans 7.0.1\java\modules\ext\spring-3.0\spring-tx-3.0.2.RELEASE.jar;C:\usr\NetBeans 7.0.1\java\modules\ext\spring-3.0\spring-web-3.0.2.RELEASE.jar;C:\usr\NetBeans 7.0.1\java\modules\ext\spring-3.0\spring-webmvc-portlet-3.0.2.RELEASE.jar;C:\usr\NetBeans 7.0.1\java\modules\ext\spring-3.0\spring-webmvc-3.0.2.RELEASE.jar;C:\usr\NetBeans 7.0.1\java\modules\ext\spring-3.0\spring-struts-3.0.2.RELEASE.jar" />
    <property name="libs.junit_4.javadoc" value="C:\usr\NetBeans 7.0.1\java\docs\junit-4.8.2-api.zip" />
    <property name="endorsed.classpath" value="" />
    <property name="javac.includes" value="com/bizdata/campux/sdk/BubbleTest.java" />
    <property name="libs.spring-framework.src" value="" />
    <property name="netbeans.autoupdate.country" value="CN" />
    <property name="libs.beans-binding.maven-pom" value="" />
    <property name="do.mkdist" value="true" />
    <property name="javadoc.encoding" value="UTF-8" />
    <property name="java.awt.printerjob" value="sun.awt.windows.WPrinterJob" />
    <property name="ap.processors.internal" value="" />
    <property name="do.archive" value="true" />
    <property name="dist.jar" value="dist/SDK.jar" />
    <property name="meta.inf.dir" value="src/META-INF" />
    <property name="ant.version" value="Apache Ant(TM) version 1.8.2 compiled on December 20 2010" />
    <property name="netbeans.home" value="C:\usr\NetBeans 7.0.1\platform" />
    <property name="javadoc.nonavbar" value="false" />
    <property name="user.properties.file" value="C:\Users\yuy\.netbeans\7.0\build.properties" />
    <property name="libs.JWSAntTasks.classpath" value="C:\usr\NetBeans 7.0.1\java\ant\extra\org-netbeans-modules-javawebstart-anttasks.jar" />
    <property name="libs.toplink.classpath" value="C:\usr\NetBeans 7.0.1\java\modules\ext\toplink\toplink-essentials.jar;C:\usr\NetBeans 7.0.1\java\modules\ext\toplink\toplink-essentials-agent.jar" />
    <property name="netbeans.importclass" value="org.netbeans.upgrade.AutoUpgrade" />
    <property name="libs.spring-framework.javadoc" value="" />
    <property name="libs.CopyLibs.maven-pom" value="" />
    <property name="annotation.processing.source.output" value="build/generated-sources/ap-source-output" />
    <property name="build.generated.dir" value="build/generated" />
    <property name="netbeans.home+have.tests" value="true" />
    <property name="libs.eclipselink.maven-pom" value="" />
    <property name="apple.awt.graphics.UseQuartz" value="true" />
    <property name="os.name" value="Windows 7" />
    <property name="java.specification.vendor" value="Sun Microsystems Inc." />
    <property name="run.test.classpath" value="../../../httpcomponents-client-4.1.2/lib/commons-codec-1.4.jar:../../../httpcomponents-client-4.1.2/lib/commons-logging-1.1.1.jar:../../../httpcomponents-client-4.1.2/lib/httpclient-4.1.2.jar:../../../httpcomponents-client-4.1.2/lib/httpclient-cache-4.1.2.jar:../../../httpcomponents-client-4.1.2/lib/httpcore-4.1.2.jar:../../../httpcomponents-client-4.1.2/lib/httpmime-4.1.2.jar:C:\Program Files\Java\jdk1.6.0_18\jre\lib\bcprov-jdk16-146.jar:build/classes:C:\usr\NetBeans 7.0.1\platform\modules\ext\junit-4.8.2.jar:build/test/classes" />
    <property name="libs.CopyLibs.src" value="" />
    <property name="java.vm.name" value="Java HotSpot(TM) Client VM" />
    <property name="manifest.available-mkdist.available" value="true" />
    <property name="org.openide.version" value="deprecated" />
    <property name="libs.beans-binding.src" value="" />
    <property name="libs.junit.classpath" value="C:\usr\NetBeans 7.0.1\java\modules\ext\junit-3.8.2.jar" />
    <property name="file.reference.httpclient-cache-4.1.2.jar" value="../../../httpcomponents-client-4.1.2/lib/httpclient-cache-4.1.2.jar" />
    <property name="java.library.path" value="C:\Program Files\Java\jdk1.6.0_18\jre\bin;.;C:\Windows\Sun\Java\bin;C:\Windows\system32;C:\Windows;C:\Program Files\Common Files\Microsoft Shared\Windows Live;C:\Program Files\NVIDIA Corporation\PhysX\Common;C:\Windows\system32;C:\Windows;C:\Windows\System32\Wbem;C:\Windows\System32\WindowsPowerShell\v1.0\;C:\Program Files\Intel\WiFi\bin\;C:\Program Files\Common Files\Intel\WirelessCommon\;C:\Program Files\Windows Live\Shared;C:\Program Files\MATLAB\R2010b\runtime\win32;C:\Program Files\MATLAB\R2010b\bin;C:\CTEX\UserData\miktex\bin;C:\CTEX\MiKTeX\miktex\bin;C:\CTEX\CTeX\ctex\bin;C:\CTEX\CTeX\cct\bin;C:\CTEX\CTeX\ty\bin;C:\CTEX\Ghostscript\gs9.00\bin;C:\CTEX\GSview\gsview;C:\CTEX\WinEdt;C:\Program Files\Common Files\Thunder Network\KanKan\Codecs;;&quot;C:\Program Files\Zend\ZendServer\bin&quot;;&quot;C:\Program Files\Zend\ZendServer\share\ZendFramework\bin&quot;;C:\Program Files\QuickTime\QTSystem\;C:\Program Files\TortoiseSVN\bin;c:\Program Files\Microsoft SQL Server\100\Tools\Binn\;c:\Program Files\Microsoft SQL Server\100\DTS\Binn\;C:\Program Files\Microsoft SQL Server\100\Tools\Binn\VSShell\Common7\IDE\;C:\Program Files\Microsoft Visual Studio 9.0\Common7\IDE\PrivateAssemblies\;C:\Windows\;C:\Program Files\SSH Communications Security\SSH Secure Shell;C:\Program Files\IDM Computer Solutions\UltraCompare\;C:\Program Files\IDM Computer Solutions\UltraEdit\" />
    <property name="ap.supported.internal" value="true" />
    <property name="libs.toplink.javadoc" value="" />
    <property name="libs.PostgreSQLDriver.javadoc" value="" />
    <property name="libs.eclipselinkmodelgen.maven-pom" value="" />
    <property name="ant.java.version" value="1.6" />
    <property name="java.class.version" value="50.0" />
    <property name="javadoc.noindex" value="false" />
    <property name="basedir" value="C:\usr\Campux\campux\SDK" />
    <property name="sun.awt.exception.handler" value="org.netbeans.core.startup.TopLogging$AWTHandler" />
    <property name="file.reference.httpcore-4.1.2.jar" value="../../../httpcomponents-client-4.1.2/lib/httpcore-4.1.2.jar" />
    <property name="javac.test.classpath" value="../../../httpcomponents-client-4.1.2/lib/commons-codec-1.4.jar:../../../httpcomponents-client-4.1.2/lib/commons-logging-1.1.1.jar:../../../httpcomponents-client-4.1.2/lib/httpclient-4.1.2.jar:../../../httpcomponents-client-4.1.2/lib/httpclient-cache-4.1.2.jar:../../../httpcomponents-client-4.1.2/lib/httpcore-4.1.2.jar:../../../httpcomponents-client-4.1.2/lib/httpmime-4.1.2.jar:C:\Program Files\Java\jdk1.6.0_18\jre\lib\bcprov-jdk16-146.jar:build/classes:C:\usr\NetBeans 7.0.1\platform\modules\ext\junit-4.8.2.jar" />
    <property name="javac.processorpath" value="../../../httpcomponents-client-4.1.2/lib/commons-codec-1.4.jar:../../../httpcomponents-client-4.1.2/lib/commons-logging-1.1.1.jar:../../../httpcomponents-client-4.1.2/lib/httpclient-4.1.2.jar:../../../httpcomponents-client-4.1.2/lib/httpclient-cache-4.1.2.jar:../../../httpcomponents-client-4.1.2/lib/httpcore-4.1.2.jar:../../../httpcomponents-client-4.1.2/lib/httpmime-4.1.2.jar:C:\Program Files\Java\jdk1.6.0_18\jre\lib\bcprov-jdk16-146.jar" />
    <property name="ant.home" value="C:\usr\NetBeans 7.0.1\java\ant" />
    <property name="libs.hibernate-persistence.src" value="" />
    <property name="javadoc.splitindex" value="true" />
    <property name="file.reference.commons-codec-1.4.jar" value="../../../httpcomponents-client-4.1.2/lib/commons-codec-1.4.jar" />
    <property name="libs.toplink.src" value="" />
    <property name="javac.test.processorpath" value="../../../httpcomponents-client-4.1.2/lib/commons-codec-1.4.jar:../../../httpcomponents-client-4.1.2/lib/commons-logging-1.1.1.jar:../../../httpcomponents-client-4.1.2/lib/httpclient-4.1.2.jar:../../../httpcomponents-client-4.1.2/lib/httpclient-cache-4.1.2.jar:../../../httpcomponents-client-4.1.2/lib/httpcore-4.1.2.jar:../../../httpcomponents-client-4.1.2/lib/httpmime-4.1.2.jar:C:\Program Files\Java\jdk1.6.0_18\jre\lib\bcprov-jdk16-146.jar:build/classes:C:\usr\NetBeans 7.0.1\platform\modules\ext\junit-4.8.2.jar" />
    <property name="libs.javac-api.javadoc" value="" />
    <property name="javadoc.preview" value="true" />
    <property name="libs.MySQLDriver.maven-pom" value="" />
    <property name="libs.CopyLibs.javadoc" value="" />
    <property name="libs.PostgreSQLDriver.classpath" value="C:\usr\NetBeans 7.0.1\ide\modules\ext\postgresql-8.3-603.jdbc3.jar" />
    <property name="junit.forkmode" value="perTest" />
    <property name="libs.jaxws21.maven-pom" value="" />
    <property name="libs.junit_4.classpath" value="C:\usr\NetBeans 7.0.1\platform\modules\ext\junit-4.8.2.jar" />
    <property name="build.dir" value="build" />
    <property name="sun.boot.library.path" value="C:\Program Files\Java\jdk1.6.0_18\jre\bin" />
    <property name="application.title" value="SDK" />
    <property name="sun.management.compiler" value="HotSpot Client Compiler" />
    <property name="libs.swing-app-framework.classpath" value="C:\usr\NetBeans 7.0.1\java\modules\ext\appframework-1.0.3.jar;C:\usr\NetBeans 7.0.1\java\modules\ext\swing-worker-1.1.jar" />
    <property name="libs.ejb3-persistence.javadoc" value="" />
    <property name="java.awt.graphicsenv" value="sun.awt.Win32GraphicsEnvironment" />
    <property name="user.variant" value="" />
    <property name="javadoc.encoding.used" value="UTF-8" />
    <property name="javadoc.windowtitle" value="" />
    <property name="libs.hibernate-support.src" value="" />
    <property name="annotation.processing.enabled" value="true" />
    <property name="build.generated.sources.dir" value="build/generated-sources" />
    <property name="run.jvmargs" value="" />
    <property name="build.compiler.emacs" value="true" />
    <property name="ant.project.name" value="SDK" />
    <property name="svnClientAdapterFactory" value="commandline" />
    <property name="libs.swing-layout.classpath" value="C:\usr\NetBeans 7.0.1\platform\modules\ext\swing-layout-1.0.4.jar" />
    <property name="libs.spring-framework.classpath" value="C:\usr\NetBeans 7.0.1\ide\modules\ext\commons-logging-1.1.jar;C:\usr\NetBeans 7.0.1\java\modules\ext\cglib-2.2.jar;C:\usr\NetBeans 7.0.1\java\modules\ext\spring\spring-2.5.6.SEC01.jar" />
    <property name="org.openide.awt.SwingBrowserImpl.do-not-block-awt" value="false" />
    <property name="java.vm.specification.version" value="1.0" />
    <property name="libs.jaxb.classpath" value="C:\usr\NetBeans 7.0.1\ide\modules\ext\jaxb\jaxb-impl.jar;C:\usr\NetBeans 7.0.1\ide\modules\ext\jaxb\jaxb-xjc.jar;C:\usr\NetBeans 7.0.1\ide\modules\ext\jaxb\jaxb1-impl.jar;C:\usr\NetBeans 7.0.1\ide\modules\ext\jaxb\activation.jar;C:\usr\NetBeans 7.0.1\ide\modules\ext\jaxb\api\jaxb-api.jar;C:\usr\NetBeans 7.0.1\ide\modules\ext\jaxb\api\jsr173_api.jar" />
    <property name="work.dir" value="C:\usr\Campux\campux\SDK" />
    <property name="awt.toolkit" value="sun.awt.windows.WToolkit" />
    <property name="javadoc.use" value="true" />
    <property name="manifest.available+main.class-mkdist.available" value="true" />
    <property name="sun.cpu.isalist" value="pentium_pro+mmx pentium_pro pentium+mmx pentium i486 i386 i86" />
    <property name="java.ext.dirs" value="C:\Program Files\Java\jdk1.6.0_18\jre\lib\ext;C:\Windows\Sun\Java\lib\ext" />
    <property name="os.version" value="6.1" />
    <property name="excludes" value="" />
    <property name="user.home" value="C:\Users\yuy" />
    <property name="org.xml.sax.driver" value="com.sun.org.apache.xerces.internal.jaxp.SAXParserImpl$JAXPSAXParser" />
    <property name="file.reference.commons-logging-1.1.1.jar" value="../../../httpcomponents-client-4.1.2/lib/commons-logging-1.1.1.jar" />
    <property name="java.vm.vendor" value="Sun Microsystems Inc." />
    <property name="libs.absolutelayout.maven-pom" value="" />
    <property name="user.dir" value="C:\usr\Campux\campux\SDK" />
    <property name="file.reference.bcprov-jdk16-146.jar" value="C:\Program Files\Java\jdk1.6.0_18\jre\lib\bcprov-jdk16-146.jar" />
    <property name="debug-transport" value="dt_shmem" />
    <property name="libs.ejb3-persistence.maven-pom" value="" />
    <property name="application.args" value="" />
    <property name="javac.includesfile.binary" value="C:\usr\Campux\campux\SDK\null855626609" />
    <property name="ant.file.type.SDK-impl" value="file" />
    <property name="sun.cpu.endian" value="little" />
    <property name="compile.on.save" value="false" />
    <property name="project.license" value="gpl30" />
    <property name="libs.hibernate-support.classpath" value="C:\usr\NetBeans 7.0.1\java\modules\ext\hibernate\antlr-2.7.6.jar;C:\usr\NetBeans 7.0.1\java\modules\ext\hibernate\asm.jar;C:\usr\NetBeans 7.0.1\java\modules\ext\hibernate\asm-attrs.jar;C:\usr\NetBeans 7.0.1\java\modules\ext\hibernate\cglib-2.1.3.jar;C:\usr\NetBeans 7.0.1\java\modules\ext\hibernate\commons-collections-2.1.1.jar;C:\usr\NetBeans 7.0.1\ide\modules\ext\commons-logging-1.1.jar;C:\usr\NetBeans 7.0.1\java\modules\ext\hibernate\dom4j-1.6.1.jar;C:\usr\NetBeans 7.0.1\java\modules\ext\hibernate\ehcache-1.2.3.jar;C:\usr\NetBeans 7.0.1\java\modules\ext\hibernate\jdbc2_0-stdext.jar;C:\usr\NetBeans 7.0.1\java\modules\ext\hibernate\jta.jar;C:\usr\NetBeans 7.0.1\java\modules\ext\hibernate\hibernate3.jar;C:\usr\NetBeans 7.0.1\java\modules\ext\hibernate\hibernate-tools.jar;C:\usr\NetBeans 7.0.1\java\modules\ext\hibernate\hibernate-annotations.jar;C:\usr\NetBeans 7.0.1\java\modules\ext\hibernate\hibernate-commons-annotations.jar;C:\usr\NetBeans 7.0.1\java\modules\ext\hibernate\hibernate-entitymanager.jar;C:\usr\NetBeans 7.0.1\java\modules\ext\hibernate\javassist.jar" />
    <property name="libs.eclipselinkmodelgen.javadoc" value="" />
    <property name="endorsed.classpath.cmd.line.arg" value="" />
    <property name="jar.index" value="false" />
    <property name="libs.spring-framework300.javadoc" value="" />
    <property name="java.vm.version" value="16.0-b13" />
    <property name="libs.MySQLDriver.src" value="" />
    <property name="libs.hibernate-persistence.classpath" value="C:\usr\NetBeans 7.0.1\java\modules\ext\hibernate\antlr-2.7.6.jar;C:\usr\NetBeans 7.0.1\java\modules\ext\hibernate\asm.jar;C:\usr\NetBeans 7.0.1\java\modules\ext\hibernate\asm-attrs.jar;C:\usr\NetBeans 7.0.1\java\modules\ext\hibernate\cglib-2.1.3.jar;C:\usr\NetBeans 7.0.1\java\modules\ext\hibernate\commons-collections-2.1.1.jar;C:\usr\NetBeans 7.0.1\ide\modules\ext\commons-logging-1.1.jar;C:\usr\NetBeans 7.0.1\java\modules\ext\hibernate\dom4j-1.6.1.jar;C:\usr\NetBeans 7.0.1\java\modules\ext\hibernate\ehcache-1.2.3.jar;C:\usr\NetBeans 7.0.1\java\modules\ext\hibernate\jdbc2_0-stdext.jar;C:\usr\NetBeans 7.0.1\java\modules\ext\hibernate\jta.jar;C:\usr\NetBeans 7.0.1\java\modules\ext\hibernate\hibernate3.jar;C:\usr\NetBeans 7.0.1\java\modules\ext\hibernate\hibernate-tools.jar;C:\usr\NetBeans 7.0.1\java\modules\ext\hibernate\hibernate-annotations.jar;C:\usr\NetBeans 7.0.1\java\modules\ext\hibernate\hibernate-commons-annotations.jar;C:\usr\NetBeans 7.0.1\java\modules\ext\hibernate\hibernate-entitymanager.jar;C:\usr\NetBeans 7.0.1\java\modules\ext\hibernate\javassist.jar;C:\usr\NetBeans 7.0.1\java\modules\ext\hibernate\ejb3-persistence.jar" />
    <property name="java.class.path" value="C:\usr\httpcomponents-client-4.1.2\lib\commons-codec-1.4.jar;C:\usr\httpcomponents-client-4.1.2\lib\commons-logging-1.1.1.jar;C:\usr\httpcomponents-client-4.1.2\lib\httpclient-4.1.2.jar;C:\usr\httpcomponents-client-4.1.2\lib\httpclient-cache-4.1.2.jar;C:\usr\httpcomponents-client-4.1.2\lib\httpcore-4.1.2.jar;C:\usr\httpcomponents-client-4.1.2\lib\httpmime-4.1.2.jar;C:\Program Files\Java\jdk1.6.0_18\jre\lib\bcprov-jdk16-146.jar;C:\usr\Campux\campux\SDK\build\classes;C:\usr\NetBeans 7.0.1\platform\modules\ext\junit-4.8.2.jar;C:\usr\Campux\campux\SDK\build\test\classes;C:\usr\Campux\campux\SDK;C:\Program Files\Java\jre6\lib\ext\QTJava.zip;C:\usr\NetBeans 7.0.1\java\ant\lib\ant-launcher.jar;C:\usr\NetBeans 7.0.1\java\ant\lib\ant.jar;C:\usr\NetBeans 7.0.1\java\ant\lib\ant-junit.jar;C:\usr\NetBeans 7.0.1\java\ant\lib\ant-junit4.jar" />
    <property name="annotation.processing.processor.options" value="" />
    <property name="os.arch" value="x86" />
    <property name="javac.deprecation" value="false" />
    <property name="ant.file.type.SDK" value="file" />
    <property name="nbplatform.default.netbeans.dest.dir" value="C:\usr\NetBeans 7.0.1" />
    <property name="build.classes.excludes" value="**/*.java,**/*.form" />
    <property name="dist.dir" value="dist" />
    <property name="netbeans.user" value="C:\Users\yuy\.netbeans\7.0" />
    <property name="debug.classpath" value="../../../httpcomponents-client-4.1.2/lib/commons-codec-1.4.jar:../../../httpcomponents-client-4.1.2/lib/commons-logging-1.1.1.jar:../../../httpcomponents-client-4.1.2/lib/httpclient-4.1.2.jar:../../../httpcomponents-client-4.1.2/lib/httpclient-cache-4.1.2.jar:../../../httpcomponents-client-4.1.2/lib/httpcore-4.1.2.jar:../../../httpcomponents-client-4.1.2/lib/httpmime-4.1.2.jar:C:\Program Files\Java\jdk1.6.0_18\jre\lib\bcprov-jdk16-146.jar:build/classes" />
    <property name="sun.java.launcher" value="SUN_STANDARD" />
    <property name="jar.index.metainf" value="false" />
    <property name="project.organization!user" value="Nanjing Bizdata-infotech co., ltd." />
    <property name="annotation.processing.enabled.in.editor" value="false" />
    <property name="ant.core.lib" value="C:\usr\NetBeans 7.0.1\java\ant\lib\ant.jar" />
    <property name="java.vm.specification.vendor" value="Sun Microsystems Inc." />
    <property name="do.depend" value="false" />
    <property name="file.separator" value="\" />
    <property name="java.runtime.version" value="1.6.0_18-b07" />
    <property name="sun.boot.class.path" value="C:\Program Files\Java\jdk1.6.0_18\jre\lib\resources.jar;C:\Program Files\Java\jdk1.6.0_18\jre\lib\rt.jar;C:\Program Files\Java\jdk1.6.0_18\jre\lib\sunrsasign.jar;C:\Program Files\Java\jdk1.6.0_18\jre\lib\jsse.jar;C:\Program Files\Java\jdk1.6.0_18\jre\lib\jce.jar;C:\Program Files\Java\jdk1.6.0_18\jre\lib\charsets.jar;C:\Program Files\Java\jdk1.6.0_18\jre\classes" />
    <property name="debug.test.classpath" value="../../../httpcomponents-client-4.1.2/lib/commons-codec-1.4.jar:../../../httpcomponents-client-4.1.2/lib/commons-logging-1.1.1.jar:../../../httpcomponents-client-4.1.2/lib/httpclient-4.1.2.jar:../../../httpcomponents-client-4.1.2/lib/httpclient-cache-4.1.2.jar:../../../httpcomponents-client-4.1.2/lib/httpcore-4.1.2.jar:../../../httpcomponents-client-4.1.2/lib/httpmime-4.1.2.jar:C:\Program Files\Java\jdk1.6.0_18\jre\lib\bcprov-jdk16-146.jar:build/classes:C:\usr\NetBeans 7.0.1\platform\modules\ext\junit-4.8.2.jar:build/test/classes" />
    <property name="libs.beans-binding.classpath" value="C:\usr\NetBeans 7.0.1\java\modules\ext\beansbinding-1.2.1.jar" />
    <property name="have.tests" value="true" />
    <property name="main.class" value="" />
    <property name="test.includes" value="com/bizdata/campux/sdk/BubbleTest.java" />
    <property name="libs.JWSAntTasks.maven-pom" value="" />
    <property name="java.util.logging.config.class" value="org.netbeans.core.startup.TopLogging" />
    <property name="libs.javac-api.classpath" value="C:\usr\NetBeans 7.0.1\java\modules\ext\javac-api-nb-7.0-b07.jar" />
    <property name="user.country" value="CN" />
    <property name="javadoc.notree" value="false" />
    <property name="libs.spring-framework300.maven-pom" value="" />
    <property name="libs.jaxws21.javadoc" value="C:\usr\NetBeans 7.0.1\java\docs\jaxws-api-doc.zip" />
    <property name="javadoc.additionalparam" value="" />
    <property name="default.javac.target" value="1.6" />
    <property name="javac.classpath" value="../../../httpcomponents-client-4.1.2/lib/commons-codec-1.4.jar:../../../httpcomponents-client-4.1.2/lib/commons-logging-1.1.1.jar:../../../httpcomponents-client-4.1.2/lib/httpclient-4.1.2.jar:../../../httpcomponents-client-4.1.2/lib/httpclient-cache-4.1.2.jar:../../../httpcomponents-client-4.1.2/lib/httpcore-4.1.2.jar:../../../httpcomponents-client-4.1.2/lib/httpmime-4.1.2.jar:C:\Program Files\Java\jdk1.6.0_18\jre\lib\bcprov-jdk16-146.jar" />
    <property name="build.classes.dir" value="build/classes" />
    <property name="do.archive+manifest.available" value="true" />
    <property name="libs.swing-layout.javadoc" value="C:\usr\NetBeans 7.0.1\platform\docs\swing-layout-1.0.4-doc.zip" />
    <property name="libs.swing-layout.src" value="C:\usr\NetBeans 7.0.1\platform\docs\swing-layout-1.0.4-src.zip" />
    <property name="java.vendor" value="Sun Microsystems Inc." />
    <property name="javac.target" value="1.6" />
    <property name="libs.eclipselink.classpath" value="C:\usr\NetBeans 7.0.1\java\modules\ext\eclipselink\eclipselink-2.2.0.jar;C:\usr\NetBeans 7.0.1\java\modules\ext\eclipselink\eclipselink-javax.persistence-2.0.jar" />
    <property name="runtime.encoding" value="UTF-8" />
    <property name="libs.swing-app-framework.src" value="" />
    <property name="java.specification.version" value="1.6" />
    <property name="libs.JWSAntTasks.javadoc" value="" />
    <property name="sun.arch.data.model" value="32" />
    <property name="mkdist.disabled" value="false" />
  </properties>
  <testcase classname="com.bizdata.campux.sdk.BubbleTest" name="testBubble" time="5.391" />
  <system-out><![CDATA[test
StartElement:ok
Content:448 ok:true
contentrecevied:ok
StartElement:ok
StartElement:ok
contentrecevied:ok
StartElement:ok
StartElement:m
Content:YjE= ok:true
contentrecevied:m
StartElement:m
Content:YjQ= ok:true
contentrecevied:m
StartElement:m
Content:YjM= ok:true
contentrecevied:m
StartElement:m
Content:YjI= ok:true
contentrecevied:m
StartElement:m
Content:YjE= ok:true
contentrecevied:m
StartElement:m
Content:YjQ= ok:true
contentrecevied:m
StartElement:m
Content:YjM= ok:true
contentrecevied:m
StartElement:m
Content:YjI= ok:true
contentrecevied:m
StartElement:m
Content:YjE= ok:true
contentrecevied:m
test 1329291200064 b1
test 1329290997906 b4
test 1329290997421 b3
test 1329290996953 b2
test 1329290991803 b1
test 1329290925282 b4
test 1329290924797 b3
test 1329290921327 b2
test 1329290920263 b1
udpate
StartElement:ok
contentrecevied:ok
StartElement:ok
contentrecevied:ok
StartElement:ok
contentrecevied:ok
StartElement:ok
StartElement:m
Content:YjQ= ok:true
contentrecevied:m
StartElement:m
Content:YjM= ok:true
contentrecevied:m
StartElement:m
Content:YjI= ok:true
contentrecevied:m
test 1329291202551 b4
test 1329291202066 b3
test 1329291201597 b2
]]></system-out>
  <system-err><![CDATA[]]></system-err>
</testsuite>
